[23:10:52] [main/INFO] [LaunchWrapper]: Loading tweak class name net.minecraftforge.fml.common.launcher.FMLServerTweaker
[23:10:52] [main/INFO] [LaunchWrapper]: Using primary tweak class name net.minecraftforge.fml.common.launcher.FMLServerTweaker
[23:10:52] [main/INFO] [LaunchWrapper]: Calling tweak class net.minecraftforge.fml.common.launcher.FMLServerTweaker
[23:10:52] [main/INFO] [FML]: Forge Mod Loader version 14.23.5.2854 for Minecraft 1.12.2 loading
[23:10:52] [main/INFO] [FML]: Java is Java HotSpot(TM) 64-Bit Server VM, version 1.8.0_261, running on Windows 10:amd64:10.0, installed at C:\Program Files\Java\jre1.8.0_261
[23:10:57] [main/INFO] [FML]: Searching C:\Users\joaog\Desktop\RlCraftServer-LuisGandaMan\.\mods for mods
[23:10:57] [main/WARN] [FML]: The coremod org.minimallycorrect.libloader.LibLoader does not have a MCVersion annotation, it may cause issues with this version of Minecraft
[23:10:57] [main/WARN] [FML]: The coremod LibLoader (org.minimallycorrect.libloader.LibLoader) is not signed!
[23:10:57] [main/INFO] [LibLoader]: Found libs:
[com.eclipsesource.minimal-json.minimal-json-0.9.4
org.javassist.javassist-3.22.0-CR1
org.minimallycorrect.modpatcher.ModPatcher-1.12-SNAPSHOT
org.minimallycorrect.mixin.Mixin-1.0-SNAPSHOT
com.github.javaparser.javaparser-core-3.2.4
org.json.json-20090211
me.nallar.whocalled.WhoCalled-1.1
me.nallar.JavaPatcher-1.8
org.minimallycorrect.javatransformer.JavaTransformer-1.8.3]
[23:10:57] [main/WARN] [FML]: Found FMLCorePluginContainsFMLMod marker in BetterFoliage-MC1.12-2.2.0.jar. This is not recommended, @Mods should be in a separate jar from the coremod.
[23:10:57] [main/WARN] [FML]: The coremod BetterFoliageLoader (mods.betterfoliage.loader.BetterFoliageLoader) is not signed!
[23:10:57] [main/WARN] [FML]: Found FMLCorePluginContainsFMLMod marker in Bloodmoon-MC1.12.2-1.5.3.jar. This is not recommended, @Mods should be in a separate jar from the coremod.
[23:10:57] [main/WARN] [FML]: The coremod lumien.bloodmoon.asm.LoadingPlugin does not have a MCVersion annotation, it may cause issues with this version of Minecraft
[23:10:57] [main/WARN] [FML]: Found FMLCorePluginContainsFMLMod marker in Born+In+A+Barn+V1.8-1.12-1.1.jar. This is not recommended, @Mods should be in a separate jar from the coremod.
[23:10:57] [main/WARN] [FML]: The coremod com.chocohead.biab.BornInABarn does not have a MCVersion annotation, it may cause issues with this version of Minecraft
[23:10:57] [main/WARN] [FML]: The coremod Born in a Barn (com.chocohead.biab.BornInABarn) is not signed!
[23:10:57] [main/WARN] [FML]: Found FMLCorePluginContainsFMLMod marker in ChunkAnimator-MC1.12-1.2.jar. This is not recommended, @Mods should be in a separate jar from the coremod.
[23:10:57] [main/WARN] [FML]: The coremod lumien.chunkanimator.asm.LoadingPlugin does not have a MCVersion annotation, it may cause issues with this version of Minecraft
[23:10:57] [main/WARN] [FML]: The coremod LoadingPlugin (lumien.chunkanimator.asm.LoadingPlugin) is not signed!
[23:10:57] [main/WARN] [FML]: Found FMLCorePluginContainsFMLMod marker in CreativeCore_v1.9.90_mc1.12.2.jar. This is not recommended, @Mods should be in a separate jar from the coremod.
[23:10:57] [main/WARN] [FML]: The coremod com.creativemd.creativecore.core.CreativePatchingLoader does not have a MCVersion annotation, it may cause issues with this version of Minecraft
[23:10:57] [main/WARN] [FML]: The coremod CreativePatchingLoader (com.creativemd.creativecore.core.CreativePatchingLoader) is not signed!
[23:10:57] [main/INFO] [FML]: Loading tweaker org.spongepowered.asm.launch.MixinTweaker from DynamicSurroundings-1.12.2-3.6.1.0.jar
[23:10:57] [main/WARN] [FML]: Found FMLCorePluginContainsFMLMod marker in foamfix-0.10.10-1.12.2.jar. This is not recommended, @Mods should be in a separate jar from the coremod.
[23:10:57] [main/WARN] [FML]: The coremod pl.asie.foamfix.coremod.FoamFixCore does not have a MCVersion annotation, it may cause issues with this version of Minecraft
[23:10:57] [main/WARN] [FML]: Found FMLCorePluginContainsFMLMod marker in ForgeEndertech-1.12.2-4.5.2.0-build.0459.jar. This is not recommended, @Mods should be in a separate jar from the coremod.
[23:10:57] [main/WARN] [FML]: The coremod com.endertech.minecraft.forge.coremod.CorePlugin does not have a MCVersion annotation, it may cause issues with this version of Minecraft
[23:10:57] [main/WARN] [FML]: The coremod CorePlugin (com.endertech.minecraft.forge.coremod.CorePlugin) is not signed!
[23:10:57] [main/WARN] [FML]: Found FMLCorePluginContainsFMLMod marker in Forgelin-1.8.4.jar. This is not recommended, @Mods should be in a separate jar from the coremod.
[23:10:57] [main/WARN] [FML]: The coremod net.shadowfacts.forgelin.preloader.ForgelinPlugin does not have a MCVersion annotation, it may cause issues with this version of Minecraft
[23:10:57] [main/WARN] [FML]: The coremod ForgelinPlugin (net.shadowfacts.forgelin.preloader.ForgelinPlugin) is not signed!
[23:10:57] [main/WARN] [FML]: Found FMLCorePluginContainsFMLMod marker in InventoryTweaks-1.64+dev.151.jar. This is not recommended, @Mods should be in a separate jar from the coremod.
[23:10:57] [main/WARN] [FML]: The coremod invtweaks.forge.asm.FMLPlugin does not have a MCVersion annotation, it may cause issues with this version of Minecraft
[23:10:57] [main/WARN] [FML]: Found FMLCorePluginContainsFMLMod marker in ISeeDragons-0.12.jar. This is not recommended, @Mods should be in a separate jar from the coremod.
[23:10:57] [main/WARN] [FML]: The coremod FMLCorePlugin (io.github.xcube16.iseedragons.FMLCorePlugin) is not signed!
[23:10:57] [main/WARN] [FML]: The coremod com.creativemd.itemphysic.ItemPatchingLoader does not have a MCVersion annotation, it may cause issues with this version of Minecraft
[23:10:57] [main/WARN] [FML]: The coremod ItemPatchingLoader (com.creativemd.itemphysic.ItemPatchingLoader) is not signed!
[23:10:57] [main/WARN] [FML]: The coremod ivorius.ivtoolkit.IvToolkitLoadingPlugin does not have a MCVersion annotation, it may cause issues with this version of Minecraft
[23:10:57] [main/WARN] [FML]: The coremod IvToolkit (ivorius.ivtoolkit.IvToolkitLoadingPlugin) is not signed!
[23:10:57] [main/WARN] [FML]: Found FMLCorePluginContainsFMLMod marker in MultiMine-1.12.2.jar. This is not recommended, @Mods should be in a separate jar from the coremod.
[23:10:57] [main/WARN] [FML]: The coremod atomicstryker.multimine.common.fmlmagic.MMFMLCorePlugin does not have a MCVersion annotation, it may cause issues with this version of Minecraft
[23:10:57] [main/WARN] [FML]: The coremod MMFMLCorePlugin (atomicstryker.multimine.common.fmlmagic.MMFMLCorePlugin) is not signed!
[23:10:58] [main/WARN] [FML]: Found FMLCorePluginContainsFMLMod marker in Reskillable-1.12.2-1.13.0.jar. This is not recommended, @Mods should be in a separate jar from the coremod.
[23:10:58] [main/WARN] [FML]: The coremod codersafterdark.reskillable.base.asm.LoadingPlugin does not have a MCVersion annotation, it may cause issues with this version of Minecraft
[23:10:58] [main/WARN] [FML]: The coremod LoadingPlugin (codersafterdark.reskillable.base.asm.LoadingPlugin) is not signed!
[23:10:58] [main/WARN] [FML]: Found FMLCorePluginContainsFMLMod marker in ResourceLoader-MC1.12.1-1.5.3.jar. This is not recommended, @Mods should be in a separate jar from the coremod.
[23:10:58] [main/WARN] [FML]: The coremod lumien.resourceloader.asm.LoadingPlugin does not have a MCVersion annotation, it may cause issues with this version of Minecraft
[23:10:58] [main/WARN] [FML]: Found FMLCorePluginContainsFMLMod marker in SereneSeasons-1.12.2-1.2.18-universal.jar. This is not recommended, @Mods should be in a separate jar from the coremod.
[23:10:58] [main/WARN] [FML]: The coremod sereneseasons.asm.SSLoadingPlugin does not have a MCVersion annotation, it may cause issues with this version of Minecraft
[23:10:58] [main/WARN] [FML]: The coremod SSLoadingPlugin (sereneseasons.asm.SSLoadingPlugin) is not signed!
[23:10:58] [main/WARN] [FML]: Found FMLCorePluginContainsFMLMod marker in TickProfiler-1.12-0.0.10.jar. This is not recommended, @Mods should be in a separate jar from the coremod.
[23:10:58] [main/WARN] [FML]: The coremod org.minimallycorrect.tickprofiler.minecraft.CoreMod does not have a MCVersion annotation, it may cause issues with this version of Minecraft
[23:10:58] [main/WARN] [FML]: The coremod CoreMod (org.minimallycorrect.tickprofiler.minecraft.CoreMod) is not signed!
[23:10:58] [main/WARN] [FML]: Found FMLCorePluginContainsFMLMod marker in tnt_utilities-mc1.12-1.2.3.jar. This is not recommended, @Mods should be in a separate jar from the coremod.
[23:10:58] [main/WARN] [FML]: The coremod ljfa.tntutils.asm.TntuPlugin does not have a MCVersion annotation, it may cause issues with this version of Minecraft
[23:10:58] [main/INFO] [FML]: Loading tweaker org.spongepowered.asm.launch.MixinTweaker from wolfarmor-1.12.2-3.4.1.1-UNIVERSAL-signed.jar
[23:10:58] [main/INFO] [FML]: Loading tweaker org.spongepowered.asm.launch.MixinTweaker from phosphor-1.12.2-0.2.6+build50-universal.jar
[23:10:58] [main/INFO] [LaunchWrapper]: Loading tweak class name net.minecraftforge.fml.common.launcher.FMLInjectionAndSortingTweaker
[23:10:58] [main/INFO] [LaunchWrapper]: Loading tweak class name org.spongepowered.asm.launch.MixinTweaker
[23:10:58] [main/INFO] [mixin]: SpongePowered MIXIN Subsystem Version=0.8 Source=file:/C:/Users/joaog/Desktop/RlCraftServer-LuisGandaMan/./mods/DynamicSurroundings-1.12.2-3.6.1.0.jar Service=LaunchWrapper Env=SERVER
[23:10:58] [main/INFO] [mixin]: Compatibility level set to JAVA_8
[23:10:58] [main/WARN] [LaunchWrapper]: Tweak class name org.spongepowered.asm.launch.MixinTweaker has already been visited -- skipping
[23:10:58] [main/WARN] [LaunchWrapper]: Tweak class name org.spongepowered.asm.launch.MixinTweaker has already been visited -- skipping
[23:10:58] [main/INFO] [LaunchWrapper]: Loading tweak class name net.minecraftforge.fml.common.launcher.FMLDeobfTweaker
[23:10:58] [main/INFO] [LaunchWrapper]: Calling tweak class net.minecraftforge.fml.common.launcher.FMLInjectionAndSortingTweaker
[23:10:58] [main/INFO] [LaunchWrapper]: Calling tweak class net.minecraftforge.fml.common.launcher.FMLInjectionAndSortingTweaker
[23:10:58] [main/INFO] [LaunchWrapper]: Calling tweak class net.minecraftforge.fml.relauncher.CoreModManager$FMLPluginWrapper
[23:10:58] [main/INFO] [TickProfiler]: TickProfiler v1.12-0.0.10 coremod injectData called, loading patches
[23:10:58] [main/INFO] [ModPatcher]: ModPatcher running under classloader net.minecraft.launchwrapper.LaunchClassLoader
[23:10:58] [main/INFO] [JavaPatcher]: Added patch minecraft: Patcher.ClassPatchDescriptor(name=net.minecraft.world.World, patches=[Patcher.PatchDescriptor(methods=func_72939_s()V, patch=clone), Patcher.PatchDescriptor(methods=func_72939_s()V, patch=insertCodeBefore), Patcher.PatchDescriptor(methods=updateEntities_withProfiling(), patch=replaceMethodCall), Patcher.PatchDescriptor(methods=updateEntities_withProfiling(), patch=replaceMethodCall), Patcher.PatchDescriptor(methods=updateEntities_withProfiling(), patch=replaceMethodCall), Patcher.PatchDescriptor(methods=updateEntities_withProfiling(), patch=replaceMethodCall), Patcher.PatchDescriptor(methods=updateEntities_withProfiling(), patch=replaceMethodCall)])
[23:10:58] [main/INFO] [JavaPatcher]: Added patch minecraft: Patcher.ClassPatchDescriptor(name=net.minecraft.network.play.server.SPacketCustomPayload, patches=[Patcher.PatchDescriptor(methods=, patch=addMethod)])
[23:10:58] [main/INFO] [JavaPatcher]: Added patch minecraft: Patcher.ClassPatchDescriptor(name=net.minecraft.network.NettyPacketEncoder, patches=[Patcher.PatchDescriptor(methods=encode(Lio/netty/channel/ChannelHandlerContext;Lnet/minecraft/network/Packet;Lio/netty/buffer/ByteBuf;)V, patch=replaceMethodCall)])
[23:10:58] [main/INFO] [LaunchWrapper]: Calling tweak class net.minecraftforge.fml.relauncher.CoreModManager$FMLPluginWrapper
[23:10:59] [main/INFO] [FML]: Found valid fingerprint for Minecraft Forge. Certificate fingerprint e3c3d50c7c986df74c645c0ac54639741c90a557
[23:10:59] [main/INFO] [LaunchWrapper]: Calling tweak class net.minecraftforge.fml.relauncher.CoreModManager$FMLPluginWrapper
[23:10:59] [main/INFO] [LaunchWrapper]: Calling tweak class net.minecraftforge.fml.relauncher.CoreModManager$FMLPluginWrapper
[23:10:59] [main/INFO] [LaunchWrapper]: Calling tweak class net.minecraftforge.fml.relauncher.CoreModManager$FMLPluginWrapper
[23:10:59] [main/INFO] [LaunchWrapper]: Calling tweak class net.minecraftforge.fml.relauncher.CoreModManager$FMLPluginWrapper
[23:10:59] [main/INFO] [LaunchWrapper]: Calling tweak class net.minecraftforge.fml.relauncher.CoreModManager$FMLPluginWrapper
[23:10:59] [main/INFO] [LaunchWrapper]: Calling tweak class net.minecraftforge.fml.relauncher.CoreModManager$FMLPluginWrapper
[23:11:00] [main/INFO] [LaunchWrapper]: Calling tweak class net.minecraftforge.fml.relauncher.CoreModManager$FMLPluginWrapper
[23:11:00] [main/INFO] [LaunchWrapper]: Calling tweak class net.minecraftforge.fml.relauncher.CoreModManager$FMLPluginWrapper
[23:11:00] [main/INFO] [LaunchWrapper]: Calling tweak class net.minecraftforge.fml.relauncher.CoreModManager$FMLPluginWrapper
[23:11:00] [main/INFO] [LaunchWrapper]: Calling tweak class net.minecraftforge.fml.relauncher.CoreModManager$FMLPluginWrapper
[23:11:00] [main/INFO] [LaunchWrapper]: Calling tweak class org.spongepowered.asm.launch.MixinTweaker
[23:11:00] [main/INFO] [mixin]: Initialised Mixin FML Remapper Adapter with net.minecraftforge.fml.common.asm.transformers.deobf.FMLDeobfuscatingRemapper@2c6aed22
[23:11:00] [main/INFO] [LaunchWrapper]: Calling tweak class net.minecraftforge.fml.common.launcher.FMLDeobfTweaker
[23:11:00] [main/INFO] [LaunchWrapper]: Calling tweak class net.minecraftforge.fml.relauncher.CoreModManager$FMLPluginWrapper
[23:11:00] [main/INFO] [LaunchWrapper]: Calling tweak class net.minecraftforge.fml.relauncher.CoreModManager$FMLPluginWrapper
[23:11:00] [main/INFO] [LaunchWrapper]: Calling tweak class net.minecraftforge.fml.relauncher.CoreModManager$FMLPluginWrapper
[23:11:00] [main/INFO] [LaunchWrapper]: Calling tweak class net.minecraftforge.fml.relauncher.CoreModManager$FMLPluginWrapper
[23:11:00] [main/INFO] [LaunchWrapper]: Calling tweak class net.minecraftforge.fml.relauncher.CoreModManager$FMLPluginWrapper
[23:11:00] [main/INFO] [LaunchWrapper]: Calling tweak class net.minecraftforge.fml.relauncher.CoreModManager$FMLPluginWrapper
[23:11:00] [main/INFO] [LaunchWrapper]: Calling tweak class net.minecraftforge.fml.relauncher.CoreModManager$FMLPluginWrapper
[23:11:00] [main/INFO] [LaunchWrapper]: Calling tweak class net.minecraftforge.fml.relauncher.CoreModManager$FMLPluginWrapper
[23:11:00] [main/INFO] [LaunchWrapper]: Calling tweak class net.minecraftforge.fml.relauncher.CoreModManager$FMLPluginWrapper
[23:11:00] [main/INFO] [LaunchWrapper]: Calling tweak class net.minecraftforge.fml.relauncher.CoreModManager$FMLPluginWrapper
[23:11:00] [main/INFO] [LaunchWrapper]: Loading tweak class name net.minecraftforge.fml.common.launcher.TerminalTweaker
[23:11:00] [main/INFO] [LaunchWrapper]: Loading tweak class name org.minimallycorrect.modpatcher.api.tweaker.ModPatcherTweaker
[23:11:00] [main/INFO] [LaunchWrapper]: Loading tweak class name org.spongepowered.asm.mixin.EnvironmentStateTweaker
[23:11:00] [main/INFO] [LaunchWrapper]: Calling tweak class net.minecraftforge.fml.common.launcher.TerminalTweaker
[23:11:00] [main/INFO] [LaunchWrapper]: Calling tweak class org.minimallycorrect.modpatcher.api.tweaker.ModPatcherTweaker
[23:11:00] [main/INFO] [LaunchWrapper]: Calling tweak class org.spongepowered.asm.mixin.EnvironmentStateTweaker
[23:11:00] [main/INFO] [LaunchWrapper]: Loading tweak class name org.minimallycorrect.modpatcher.api.tweaker.ModPatcherTweaker2
[23:11:00] [main/INFO] [LaunchWrapper]: Calling tweak class org.minimallycorrect.modpatcher.api.tweaker.ModPatcherTweaker2
[23:11:00] [main/INFO] [ModPatcher]: Transformers: [net.minecraftforge.fml.common.asm.transformers.PatchingTransformer@984169e, org.spongepowered.asm.mixin.transformer.Proxy@43f1bb92, TransformerWrapper(net.minecraftforge.fml.common.asm.transformers.SideTransformer, FMLCorePlugin), TransformerWrapper(net.minecraftforge.fml.common.asm.transformers.EventSubscriptionTransformer, FMLCorePlugin), TransformerWrapper(net.minecraftforge.fml.common.asm.transformers.EventSubscriberTransformer, FMLCorePlugin), TransformerWrapper(net.minecraftforge.fml.common.asm.transformers.SoundEngineFixTransformer, FMLCorePlugin), TransformerWrapper(com.creativemd.itemphysic.ItemTransformer, ItemPatchingLoader), TransformerWrapper(atomicstryker.multimine.common.fmlmagic.MMTransformer, MMFMLCorePlugin), TransformerWrapper(codersafterdark.reskillable.base.asm.ClassTransformer, LoadingPlugin), TransformerWrapper(sereneseasons.asm.transformer.EntityRendererTransformer, SSLoadingPlugin), TransformerWrapper(sereneseasons.asm.transformer.WorldTransformer, SSLoadingPlugin), net.minecraftforge.fml.common.asm.transformers.DeobfuscationTransformer@6d6bbd35, net.minecraftforge.fml.common.asm.transformers.AccessTransformer@5c5d6175, pl.asie.foamfix.coremod.FoamFixAT@7544ac86, invtweaks.forge.asm.ITAccessTransformer@3b27b497, net.minecraftforge.fml.common.asm.transformers.ModAccessTransformer@b1534d3, net.minecraftforge.fml.common.asm.transformers.ItemStackTransformer@3c74aa0d, net.minecraftforge.fml.common.asm.transformers.ItemBlockTransformer@6c841199, net.minecraftforge.fml.common.asm.transformers.ItemBlockSpecialTransformer@6a818392, net.minecraftforge.fml.common.asm.transformers.PotionEffectTransformer@489091bd, org.spongepowered.asm.mixin.transformer.Proxy@512d6e60, TransformerWrapper(lumien.bloodmoon.asm.ClassTransformer, LoadingPlugin), TransformerWrapper(com.chocohead.biab.BornInABarn, Born in a Barn), TransformerWrapper(lumien.chunkanimator.asm.ClassTransformer, LoadingPlugin), TransformerWrapper(pl.asie.foamfix.coremod.FoamFixTransformer, Do not report to Forge! (If you haven't disabled the FoamFix coremod, try disabling it in the config! Note that this bit of text will still appear.)), TransformerWrapper(invtweaks.forge.asm.ContainerTransformer, Inventory Tweaks Coremod), TransformerWrapper(io.github.xcube16.iseedragons.AsmTransformer, FMLCorePlugin), TransformerWrapper(lumien.resourceloader.asm.ClassTransformer, LoadingPlugin), TransformerWrapper(net.ilexiconn.llibrary.server.core.plugin.LLibraryTransformer, llibrary), TransformerWrapper(net.ilexiconn.llibrary.server.core.patcher.LLibraryRuntimePatcher, llibrary), TransformerWrapper(ljfa.tntutils.asm.ExplosionTransformer, TNTUtilities Core), TransformerWrapper(mods.betterfoliage.loader.BetterFoliageTransformer, BetterFoliageLoader), net.minecraftforge.fml.common.asm.transformers.TerminalTransformer@1de9b505, org.spongepowered.asm.mixin.transformer.Proxy@7b122839, org.minimallycorrect.modpatcher.api.ModPatcherTransformer$ClassTransformer@3743539f]
[23:11:00] [main/INFO] [STDOUT]: [pl.asie.patchy.helpers.ConstructorReplacingTransformer$FFMethodVisitor:visitTypeInsn:73]: Replaced NEW for net/minecraft/util/ClassInheritanceMultiMap to pl/asie/foamfix/coremod/common/FoamyClassInheritanceMultiMap
[23:11:00] [main/INFO] [STDOUT]: [pl.asie.patchy.helpers.ConstructorReplacingTransformer$FFMethodVisitor:visitMethodInsn:85]: Replaced INVOKESPECIAL for net/minecraft/util/ClassInheritanceMultiMap to pl/asie/foamfix/coremod/common/FoamyClassInheritanceMultiMap
[23:11:00] [main/INFO] [mixin]: A re-entrant transformer '$wrapper.pl.asie.foamfix.coremod.FoamFixTransformer' was detected and will no longer process meta class data
[23:11:00] [main/INFO] [mixin]: A re-entrant transformer '$wrapper.sereneseasons.asm.transformer.WorldTransformer' was detected and will no longer process meta class data
[23:11:00] [main/INFO] [mixin]: A re-entrant transformer '$wrapper.lumien.bloodmoon.asm.ClassTransformer' was detected and will no longer process meta class data
[23:11:00] [main/INFO] [STDOUT]: [pl.asie.foamfix.coremod.FoamFixTransformer:spliceClasses:98]: Added INTERFACE: pl/asie/foamfix/coremod/patches/IFoamFixWorldRemovable
[23:11:00] [main/INFO] [STDOUT]: [pl.asie.foamfix.coremod.FoamFixTransformer:spliceClasses:135]: Added METHOD: net.minecraft.world.World.foamfix_removeUnloadedEntities
[23:11:00] [main/WARN] [JavaPatcher]: Didn't find any method calls to replace in net.minecraft.world.World.updateEntities_withProfiling(). Class: null, method: redirect$onUpdateTileEntities$, index: -1
[23:11:00] [main/WARN] [JavaPatcher]: Didn't find any method calls to replace in net.minecraft.world.World.updateEntities_withProfiling(). Class: null, method: redirect$tileEntityUpdate$, index: -1
[23:11:00] [main/WARN] [JavaPatcher]: Didn't find any method calls to replace in net.minecraft.world.World.updateEntities_withProfiling(). Class: null, method: redirect$updateEntity$, index: -1
[23:11:00] [main/INFO] [STDOUT]: [pl.asie.foamfix.coremod.patches.WorldServerRemovalPatch:apply:62]: Patched updateEntities in net/minecraft/world/WorldServer func_72939_s
[23:11:00] [main/INFO] [ISeeDragons]: ATTEMPTING TO PATCH net.minecraft.advancements.AdvancementManager!
[23:11:00] [main/INFO] [ISeeDragons]: Patched net.minecraft.advancements.AdvancementManager
[23:11:00] [main/INFO] [LaunchWrapper]: Launching wrapped minecraft {net.minecraft.server.MinecraftServer}
[23:11:01] [main/INFO] [STDOUT]: [com.creativemd.creativecore.transformer.CreativeTransformer:transform:49]: [itemphysic] Patched net.minecraft.entity.item.EntityItem ...
[23:11:01] [main/INFO] [STDOUT]: [com.creativemd.creativecore.transformer.CreativeTransformer:transform:49]: [itemphysic] Patched net.minecraft.entity.item.EntityItem ...
[23:11:01] [main/INFO] [STDOUT]: [pl.asie.foamfix.coremod.FoamFixTransformer:spliceClasses:111]: Spliced in METHOD: net.minecraft.block.state.BlockStateContainer.createState
[23:11:01] [main/INFO] [STDOUT]: [pl.asie.foamfix.coremod.FoamFixTransformer:spliceClasses:111]: Spliced in METHOD: net.minecraft.block.properties.PropertyEnum.equals
[23:11:01] [main/INFO] [STDOUT]: [pl.asie.foamfix.coremod.FoamFixTransformer:spliceClasses:111]: Spliced in METHOD: net.minecraft.block.properties.PropertyEnum.hashCode
[23:11:01] [main/INFO] [STDOUT]: [pl.asie.foamfix.coremod.FoamFixTransformer:spliceClasses:158]: Added FIELD: net.minecraft.block.properties.PropertyEnum.foamfix_hashCode
[23:11:01] [main/INFO] [STDOUT]: [pl.asie.foamfix.coremod.FoamFixTransformer:spliceClasses:158]: Added FIELD: net.minecraft.block.properties.PropertyEnum.foamfix_hashCode_calced
[23:11:01] [main/INFO] [STDOUT]: [pl.asie.foamfix.coremod.FoamFixTransformer:spliceClasses:111]: Spliced in METHOD: net.minecraft.block.properties.PropertyInteger.hashCode
[23:11:01] [main/INFO] [STDOUT]: [pl.asie.foamfix.coremod.FoamFixTransformer:spliceClasses:158]: Added FIELD: net.minecraft.block.properties.PropertyInteger.foamfix_hashCode
[23:11:01] [main/INFO] [STDOUT]: [pl.asie.foamfix.coremod.FoamFixTransformer:spliceClasses:158]: Added FIELD: net.minecraft.block.properties.PropertyInteger.foamfix_hashCode_calced
[23:11:01] [main/INFO] [STDOUT]: [pl.asie.foamfix.coremod.FoamFixTransformer:spliceClasses:111]: Spliced in METHOD: net.minecraft.block.properties.PropertyBool.equals
[23:11:01] [main/INFO] [STDOUT]: [pl.asie.foamfix.coremod.FoamFixTransformer:spliceClasses:111]: Spliced in METHOD: net.minecraft.block.properties.PropertyBool.hashCode
[23:11:01] [main/INFO] [STDOUT]: [pl.asie.foamfix.coremod.FoamFixTransformer:spliceClasses:111]: Spliced in METHOD: net.minecraft.tileentity.TileEntity.func_190559_a
[23:11:01] [main/INFO] [STDOUT]: [pl.asie.foamfix.coremod.FoamFixTransformer:spliceClasses:111]: Spliced in METHOD: net.minecraft.block.BlockBed.func_189540_a
[23:11:01] [main/INFO] [STDOUT]: [pl.asie.patchy.helpers.ConstructorReplacingTransformer$FFMethodVisitor:visitTypeInsn:73]: Replaced NEW for net/minecraft/tileentity/TileEntityHopper to pl/asie/foamfix/common/TileEntityFasterHopper
[23:11:01] [main/INFO] [STDOUT]: [pl.asie.patchy.helpers.ConstructorReplacingTransformer$FFMethodVisitor:visitMethodInsn:85]: Replaced INVOKESPECIAL for net/minecraft/tileentity/TileEntityHopper to pl/asie/foamfix/common/TileEntityFasterHopper
[23:11:02] [main/INFO] [STDOUT]: [pl.asie.foamfix.coremod.FoamFixTransformer:spliceClasses:98]: Added INTERFACE: pl/asie/foamfix/api/IFoamFixMobSpawnerLogic
[23:11:02] [main/INFO] [STDOUT]: [pl.asie.foamfix.coremod.FoamFixTransformer:spliceClasses:111]: Spliced in METHOD: net.minecraft.tileentity.MobSpawnerBaseLogic.func_98279_f
[23:11:02] [main/INFO] [STDOUT]: [pl.asie.foamfix.coremod.FoamFixTransformer:spliceClasses:158]: Added FIELD: net.minecraft.tileentity.MobSpawnerBaseLogic.foamfix_activatedCache
[23:11:02] [main/INFO] [STDOUT]: [pl.asie.foamfix.coremod.FoamFixTransformer:spliceClasses:158]: Added FIELD: net.minecraft.tileentity.MobSpawnerBaseLogic.foamfix_activatedCachePESize
[23:11:02] [main/INFO] [STDOUT]: [pl.asie.foamfix.coremod.FoamFixTransformer:spliceClasses:158]: Added FIELD: net.minecraft.tileentity.MobSpawnerBaseLogic.foamfix_activatedCacheTime
[23:11:02] [main/INFO] [STDOUT]: [pl.asie.foamfix.coremod.FoamFixTransformer:spliceClasses:158]: Added FIELD: net.minecraft.tileentity.MobSpawnerBaseLogic.foamfix_forcedCache
[23:11:02] [main/INFO] [STDOUT]: [pl.asie.foamfix.coremod.FoamFixTransformer:spliceClasses:158]: Added FIELD: net.minecraft.tileentity.MobSpawnerBaseLogic.foamfix_forcedCacheTime
[23:11:02] [main/INFO] [STDOUT]: [com.creativemd.creativecore.transformer.CreativeTransformer:transform:49]: [itemphysic] Patched net.minecraft.entity.item.EntityItem ...
[23:11:02] [main/INFO] [STDOUT]: [com.creativemd.creativecore.transformer.CreativeTransformer:transform:49]: [itemphysic] Patched net.minecraft.entity.item.EntityItem ...
